<?xml version="1.0" encoding="UTF-8"?>
<coverage generated="1686823297076" clover="3.2.0">
  <project timestamp="1686823297076" name="All files">
    <metrics statements="145" coveredstatements="145" conditionals="34" coveredconditionals="34" methods="7" coveredmethods="6" elements="186" coveredelements="185" complexity="0" loc="145" ncloc="145" packages="1" files="3" classes="3"/>
    <file name="Calculator.jsx" path="C:\Dev\Cursos\TDD\midu-aprende-tdd\src\Calculator.jsx">
      <metrics statements="83" coveredstatements="83" conditionals="12" coveredconditionals="12" methods="5" coveredmethods="4"/>
      <line num="1" count="1" type="stmt"/>
      <line num="2" count="1" type="stmt"/>
      <line num="3" count="1" type="stmt"/>
      <line num="4" count="1" type="stmt"/>
      <line num="5" count="1" type="stmt"/>
      <line num="6" count="1" type="stmt"/>
      <line num="7" count="1" type="stmt"/>
      <line num="8" count="1" type="stmt"/>
      <line num="9" count="1" type="stmt"/>
      <line num="10" count="1" type="stmt"/>
      <line num="11" count="1" type="stmt"/>
      <line num="12" count="1" type="stmt"/>
      <line num="13" count="1" type="stmt"/>
      <line num="14" count="1" type="stmt"/>
      <line num="15" count="1" type="stmt"/>
      <line num="16" count="1" type="stmt"/>
      <line num="17" count="1" type="cond" truecount="1" falsecount="0"/>
      <line num="18" count="36" type="stmt"/>
      <line num="19" count="36" type="stmt"/>
      <line num="20" count="36" type="stmt"/>
      <line num="21" count="36" type="stmt"/>
      <line num="22" count="36" type="cond" truecount="1" falsecount="0"/>
      <line num="23" count="360" type="cond" truecount="1" falsecount="0"/>
      <line num="24" count="15" type="cond" truecount="1" falsecount="0"/>
      <line num="25" count="1" type="stmt"/>
      <line num="26" count="1" type="stmt"/>
      <line num="27" count="15" type="cond" truecount="1" falsecount="0"/>
      <line num="28" count="14" type="stmt"/>
      <line num="29" count="14" type="stmt"/>
      <line num="30" count="15" type="stmt"/>
      <line num="31" count="360" type="stmt"/>
      <line num="32" count="36" type="stmt"/>
      <line num="33" count="36" type="stmt"/>
      <line num="34" count="36" type="cond" truecount="1" falsecount="0"/>
      <line num="35" count="144" type="cond" truecount="1" falsecount="0"/>
      <line num="36" count="5" type="stmt"/>
      <line num="37" count="5" type="cond" truecount="1" falsecount="0"/>
      <line num="38" count="5" type="stmt"/>
      <line num="39" count="144" type="stmt"/>
      <line num="40" count="36" type="stmt"/>
      <line num="41" count="36" type="stmt"/>
      <line num="42" count="36" type="cond" truecount="1" falsecount="0"/>
      <line num="43" count="3" type="stmt"/>
      <line num="44" count="3" type="stmt"/>
      <line num="45" count="3" type="stmt"/>
      <line num="46" count="36" type="stmt"/>
      <line num="47" count="36" type="stmt"/>
      <line num="48" count="36" type="stmt"/>
      <line num="49" count="36" type="stmt"/>
      <line num="50" count="36" type="stmt"/>
      <line num="51" count="36" type="stmt"/>
      <line num="52" count="36" type="stmt"/>
      <line num="53" count="36" type="cond" truecount="1" falsecount="0"/>
      <line num="54" count="144" type="stmt"/>
      <line num="55" count="144" type="stmt"/>
      <line num="56" count="144" type="cond" truecount="1" falsecount="0"/>
      <line num="57" count="360" type="stmt"/>
      <line num="58" count="360" type="stmt"/>
      <line num="59" count="360" type="stmt"/>
      <line num="60" count="360" type="stmt"/>
      <line num="61" count="360" type="stmt"/>
      <line num="62" count="360" type="stmt"/>
      <line num="63" count="144" type="stmt"/>
      <line num="64" count="144" type="stmt"/>
      <line num="65" count="144" type="stmt"/>
      <line num="66" count="36" type="stmt"/>
      <line num="67" count="36" type="stmt"/>
      <line num="68" count="36" type="stmt"/>
      <line num="69" count="36" type="cond" truecount="1" falsecount="0"/>
      <line num="70" count="144" type="stmt"/>
      <line num="71" count="144" type="stmt"/>
      <line num="72" count="144" type="stmt"/>
      <line num="73" count="144" type="stmt"/>
      <line num="74" count="144" type="stmt"/>
      <line num="75" count="144" type="stmt"/>
      <line num="76" count="36" type="stmt"/>
      <line num="77" count="36" type="stmt"/>
      <line num="78" count="36" type="stmt"/>
      <line num="79" count="36" type="stmt"/>
      <line num="80" count="36" type="stmt"/>
      <line num="81" count="36" type="stmt"/>
      <line num="82" count="36" type="stmt"/>
      <line num="83" count="36" type="stmt"/>
    </file>
    <file name="adventJS-23.js" path="C:\Dev\Cursos\TDD\midu-aprende-tdd\src\adventJS-23.js">
      <metrics statements="27" coveredstatements="27" conditionals="14" coveredconditionals="14" methods="1" coveredmethods="1"/>
      <line num="1" count="1" type="cond" truecount="1" falsecount="0"/>
      <line num="2" count="7" type="stmt"/>
      <line num="3" count="7" type="stmt"/>
      <line num="4" count="7" type="stmt"/>
      <line num="5" count="7" type="cond" truecount="1" falsecount="0"/>
      <line num="6" count="7" type="cond" truecount="2" falsecount="0"/>
      <line num="7" count="4" type="cond" truecount="1" falsecount="0"/>
      <line num="8" count="4" type="stmt"/>
      <line num="9" count="7" type="cond" truecount="1" falsecount="0"/>
      <line num="10" count="3" type="cond" truecount="1" falsecount="0"/>
      <line num="11" count="3" type="stmt"/>
      <line num="12" count="7" type="cond" truecount="1" falsecount="0"/>
      <line num="13" count="2" type="cond" truecount="1" falsecount="0"/>
      <line num="14" count="2" type="stmt"/>
      <line num="15" count="2" type="stmt"/>
      <line num="16" count="7" type="cond" truecount="1" falsecount="0"/>
      <line num="17" count="5" type="stmt"/>
      <line num="18" count="5" type="stmt"/>
      <line num="19" count="5" type="stmt"/>
      <line num="20" count="5" type="stmt"/>
      <line num="21" count="5" type="cond" truecount="2" falsecount="0"/>
      <line num="22" count="4" type="cond" truecount="1" falsecount="0"/>
      <line num="23" count="4" type="stmt"/>
      <line num="24" count="4" type="stmt"/>
      <line num="25" count="1" type="cond" truecount="1" falsecount="0"/>
      <line num="26" count="1" type="stmt"/>
      <line num="27" count="1" type="stmt"/>
    </file>
    <file name="fizzbuzz.js" path="C:\Dev\Cursos\TDD\midu-aprende-tdd\src\fizzbuzz.js">
      <metrics statements="35" coveredstatements="35" conditionals="8" coveredconditionals="8" methods="1" coveredmethods="1"/>
      <line num="1" count="1" type="stmt"/>
      <line num="2" count="1" type="stmt"/>
      <line num="3" count="1" type="stmt"/>
      <line num="4" count="1" type="stmt"/>
      <line num="5" count="1" type="stmt"/>
      <line num="6" count="1" type="stmt"/>
      <line num="7" count="1" type="stmt"/>
      <line num="8" count="1" type="stmt"/>
      <line num="9" count="1" type="cond" truecount="1" falsecount="0"/>
      <line num="10" count="17" type="stmt"/>
      <line num="11" count="17" type="cond" truecount="1" falsecount="0"/>
      <line num="12" count="17" type="cond" truecount="2" falsecount="0"/>
      <line num="13" count="14" type="cond" truecount="1" falsecount="0"/>
      <line num="14" count="14" type="stmt"/>
      <line num="15" count="14" type="stmt"/>
      <line num="16" count="14" type="stmt"/>
      <line num="17" count="14" type="stmt"/>
      <line num="18" count="14" type="stmt"/>
      <line num="19" count="14" type="stmt"/>
      <line num="20" count="14" type="stmt"/>
      <line num="21" count="14" type="stmt"/>
      <line num="22" count="14" type="stmt"/>
      <line num="23" count="14" type="stmt"/>
      <line num="24" count="14" type="stmt"/>
      <line num="25" count="14" type="stmt"/>
      <line num="26" count="14" type="stmt"/>
      <line num="27" count="14" type="stmt"/>
      <line num="28" count="14" type="stmt"/>
      <line num="29" count="14" type="cond" truecount="1" falsecount="0"/>
      <line num="30" count="42" type="cond" truecount="1" falsecount="0"/>
      <line num="31" count="14" type="stmt"/>
      <line num="32" count="14" type="stmt"/>
      <line num="33" count="17" type="cond" truecount="1" falsecount="0"/>
      <line num="34" count="17" type="stmt"/>
      <line num="35" count="17" type="stmt"/>
    </file>
  </project>
</coverage>
