{"C:\\Dev\\Cursos\\TDD\\midu-aprende-tdd\\src\\Calculator.jsx": {"path":"C:\\Dev\\Cursos\\TDD\\midu-aprende-tdd\\src\\Calculator.jsx","all":false,"statementMap":{"0":{"start":{"line":1,"column":0},"end":{"line":1,"column":33}},"1":{"start":{"line":2,"column":0},"end":{"line":2,"column":34}},"2":{"start":{"line":3,"column":0},"end":{"line":3,"column":0}},"3":{"start":{"line":4,"column":0},"end":{"line":4,"column":45}},"4":{"start":{"line":5,"column":0},"end":{"line":5,"column":0}},"5":{"start":{"line":6,"column":0},"end":{"line":6,"column":14}},"6":{"start":{"line":7,"column":0},"end":{"line":7,"column":12}},"7":{"start":{"line":8,"column":0},"end":{"line":8,"column":12}},"8":{"start":{"line":9,"column":0},"end":{"line":9,"column":12}},"9":{"start":{"line":10,"column":0},"end":{"line":10,"column":5}},"10":{"start":{"line":11,"column":0},"end":{"line":11,"column":1}},"11":{"start":{"line":12,"column":0},"end":{"line":12,"column":0}},"12":{"start":{"line":13,"column":0},"end":{"line":13,"column":47}},"13":{"start":{"line":14,"column":0},"end":{"line":14,"column":29}},"14":{"start":{"line":15,"column":0},"end":{"line":15,"column":0}},"15":{"start":{"line":16,"column":0},"end":{"line":16,"column":0}},"16":{"start":{"line":17,"column":0},"end":{"line":17,"column":33}},"17":{"start":{"line":18,"column":0},"end":{"line":18,"column":0}},"18":{"start":{"line":19,"column":0},"end":{"line":19,"column":41}},"19":{"start":{"line":20,"column":0},"end":{"line":20,"column":52}},"20":{"start":{"line":21,"column":0},"end":{"line":21,"column":0}},"21":{"start":{"line":22,"column":0},"end":{"line":22,"column":32}},"22":{"start":{"line":23,"column":0},"end":{"line":23,"column":18}},"23":{"start":{"line":24,"column":0},"end":{"line":24,"column":22}},"24":{"start":{"line":25,"column":0},"end":{"line":25,"column":30}},"25":{"start":{"line":26,"column":0},"end":{"line":26,"column":28}},"26":{"start":{"line":27,"column":0},"end":{"line":27,"column":14}},"27":{"start":{"line":28,"column":0},"end":{"line":28,"column":44}},"28":{"start":{"line":29,"column":0},"end":{"line":29,"column":7}},"29":{"start":{"line":30,"column":0},"end":{"line":30,"column":6}},"30":{"start":{"line":31,"column":0},"end":{"line":31,"column":3}},"31":{"start":{"line":32,"column":0},"end":{"line":32,"column":0}},"32":{"start":{"line":33,"column":0},"end":{"line":33,"column":0}},"33":{"start":{"line":34,"column":0},"end":{"line":34,"column":41}},"34":{"start":{"line":35,"column":0},"end":{"line":35,"column":18}},"35":{"start":{"line":36,"column":0},"end":{"line":36,"column":48}},"36":{"start":{"line":37,"column":0},"end":{"line":37,"column":41}},"37":{"start":{"line":38,"column":0},"end":{"line":38,"column":5}},"38":{"start":{"line":39,"column":0},"end":{"line":39,"column":3}},"39":{"start":{"line":40,"column":0},"end":{"line":40,"column":0}},"40":{"start":{"line":41,"column":0},"end":{"line":41,"column":0}},"41":{"start":{"line":42,"column":0},"end":{"line":42,"column":29}},"42":{"start":{"line":43,"column":0},"end":{"line":43,"column":38}},"43":{"start":{"line":44,"column":0},"end":{"line":44,"column":23}},"44":{"start":{"line":45,"column":0},"end":{"line":45,"column":3}},"45":{"start":{"line":46,"column":0},"end":{"line":46,"column":0}},"46":{"start":{"line":47,"column":0},"end":{"line":47,"column":10}},"47":{"start":{"line":48,"column":0},"end":{"line":48,"column":13}},"48":{"start":{"line":49,"column":0},"end":{"line":49,"column":25}},"49":{"start":{"line":50,"column":0},"end":{"line":50,"column":38}},"50":{"start":{"line":51,"column":0},"end":{"line":51,"column":23}},"51":{"start":{"line":52,"column":0},"end":{"line":52,"column":9}},"52":{"start":{"line":53,"column":0},"end":{"line":53,"column":33}},"53":{"start":{"line":54,"column":0},"end":{"line":54,"column":38}},"54":{"start":{"line":55,"column":0},"end":{"line":55,"column":15}},"55":{"start":{"line":56,"column":0},"end":{"line":56,"column":35}},"56":{"start":{"line":57,"column":0},"end":{"line":57,"column":26}},"57":{"start":{"line":58,"column":0},"end":{"line":58,"column":54}},"58":{"start":{"line":59,"column":0},"end":{"line":59,"column":32}},"59":{"start":{"line":60,"column":0},"end":{"line":60,"column":19}},"60":{"start":{"line":61,"column":0},"end":{"line":61,"column":30}},"61":{"start":{"line":62,"column":0},"end":{"line":62,"column":27}},"62":{"start":{"line":63,"column":0},"end":{"line":63,"column":19}},"63":{"start":{"line":64,"column":0},"end":{"line":64,"column":15}},"64":{"start":{"line":65,"column":0},"end":{"line":65,"column":18}},"65":{"start":{"line":66,"column":0},"end":{"line":66,"column":12}},"66":{"start":{"line":67,"column":0},"end":{"line":67,"column":9}},"67":{"start":{"line":68,"column":0},"end":{"line":68,"column":9}},"68":{"start":{"line":69,"column":0},"end":{"line":69,"column":39}},"69":{"start":{"line":70,"column":0},"end":{"line":70,"column":20}},"70":{"start":{"line":71,"column":0},"end":{"line":71,"column":56}},"71":{"start":{"line":72,"column":0},"end":{"line":72,"column":29}},"72":{"start":{"line":73,"column":0},"end":{"line":73,"column":13}},"73":{"start":{"line":74,"column":0},"end":{"line":74,"column":27}},"74":{"start":{"line":75,"column":0},"end":{"line":75,"column":21}},"75":{"start":{"line":76,"column":0},"end":{"line":76,"column":12}},"76":{"start":{"line":77,"column":0},"end":{"line":77,"column":9}},"77":{"start":{"line":78,"column":0},"end":{"line":78,"column":62}},"78":{"start":{"line":79,"column":0},"end":{"line":79,"column":60}},"79":{"start":{"line":80,"column":0},"end":{"line":80,"column":12}},"80":{"start":{"line":81,"column":0},"end":{"line":81,"column":14}},"81":{"start":{"line":82,"column":0},"end":{"line":82,"column":4}},"82":{"start":{"line":83,"column":0},"end":{"line":83,"column":1}}},"s":{"0":1,"1":1,"2":1,"3":1,"4":1,"5":1,"6":1,"7":1,"8":1,"9":1,"10":1,"11":1,"12":1,"13":1,"14":1,"15":1,"16":1,"17":36,"18":36,"19":36,"20":36,"21":36,"22":360,"23":15,"24":1,"25":1,"26":15,"27":14,"28":14,"29":15,"30":360,"31":36,"32":36,"33":36,"34":144,"35":5,"36":5,"37":5,"38":144,"39":36,"40":36,"41":36,"42":3,"43":3,"44":3,"45":36,"46":36,"47":36,"48":36,"49":36,"50":36,"51":36,"52":36,"53":144,"54":144,"55":144,"56":360,"57":360,"58":360,"59":360,"60":360,"61":360,"62":144,"63":144,"64":144,"65":36,"66":36,"67":36,"68":36,"69":144,"70":144,"71":144,"72":144,"73":144,"74":144,"75":36,"76":36,"77":36,"78":36,"79":36,"80":36,"81":36,"82":36},"branchMap":{"0":{"type":"branch","line":17,"loc":{"start":{"line":17,"column":26},"end":{"line":83,"column":1}},"locations":[{"start":{"line":17,"column":26},"end":{"line":83,"column":1}}]},"1":{"type":"branch","line":22,"loc":{"start":{"line":22,"column":24},"end":{"line":31,"column":3}},"locations":[{"start":{"line":22,"column":24},"end":{"line":31,"column":3}}]},"2":{"type":"branch","line":23,"loc":{"start":{"line":23,"column":11},"end":{"line":30,"column":6}},"locations":[{"start":{"line":23,"column":11},"end":{"line":30,"column":6}}]},"3":{"type":"branch","line":24,"loc":{"start":{"line":24,"column":21},"end":{"line":27,"column":13}},"locations":[{"start":{"line":24,"column":21},"end":{"line":27,"column":13}}]},"4":{"type":"branch","line":27,"loc":{"start":{"line":27,"column":6},"end":{"line":29,"column":7}},"locations":[{"start":{"line":27,"column":6},"end":{"line":29,"column":7}}]},"5":{"type":"branch","line":34,"loc":{"start":{"line":34,"column":27},"end":{"line":39,"column":3}},"locations":[{"start":{"line":34,"column":27},"end":{"line":39,"column":3}}]},"6":{"type":"branch","line":35,"loc":{"start":{"line":35,"column":11},"end":{"line":38,"column":5}},"locations":[{"start":{"line":35,"column":11},"end":{"line":38,"column":5}}]},"7":{"type":"branch","line":37,"loc":{"start":{"line":37,"column":21},"end":{"line":37,"column":41}},"locations":[{"start":{"line":37,"column":21},"end":{"line":37,"column":41}}]},"8":{"type":"branch","line":42,"loc":{"start":{"line":42,"column":22},"end":{"line":45,"column":3}},"locations":[{"start":{"line":42,"column":22},"end":{"line":45,"column":3}}]},"9":{"type":"branch","line":53,"loc":{"start":{"line":53,"column":19},"end":{"line":65,"column":18}},"locations":[{"start":{"line":53,"column":19},"end":{"line":65,"column":18}}]},"10":{"type":"branch","line":56,"loc":{"start":{"line":56,"column":24},"end":{"line":62,"column":27}},"locations":[{"start":{"line":56,"column":24},"end":{"line":62,"column":27}}]},"11":{"type":"branch","line":69,"loc":{"start":{"line":69,"column":25},"end":{"line":75,"column":21}},"locations":[{"start":{"line":69,"column":25},"end":{"line":75,"column":21}}]}},"b":{"0":[36],"1":[360],"2":[15],"3":[1],"4":[14],"5":[144],"6":[5],"7":[1],"8":[3],"9":[144],"10":[360],"11":[144]},"fnMap":{"0":{"name":"Calculator","decl":{"start":{"line":17,"column":26},"end":{"line":83,"column":1}},"loc":{"start":{"line":17,"column":26},"end":{"line":83,"column":1}},"line":17},"1":{"name":"handlerNumber","decl":{"start":{"line":22,"column":24},"end":{"line":31,"column":3}},"loc":{"start":{"line":22,"column":24},"end":{"line":31,"column":3}},"line":22},"2":{"name":"handlerOperation","decl":{"start":{"line":34,"column":27},"end":{"line":39,"column":3}},"loc":{"start":{"line":34,"column":27},"end":{"line":39,"column":3}},"line":34},"3":{"name":"handleEqual","decl":{"start":{"line":42,"column":22},"end":{"line":45,"column":3}},"loc":{"start":{"line":42,"column":22},"end":{"line":45,"column":3}},"line":42},"4":{"name":"onClick","decl":{"start":{"line":79,"column":26},"end":{"line":79,"column":47}},"loc":{"start":{"line":79,"column":26},"end":{"line":79,"column":47}},"line":79}},"f":{"0":36,"1":360,"2":144,"3":3,"4":0}}
,"C:\\Dev\\Cursos\\TDD\\midu-aprende-tdd\\src\\adventJS-23.js": {"path":"C:\\Dev\\Cursos\\TDD\\midu-aprende-tdd\\src\\adventJS-23.js","all":false,"statementMap":{"0":{"start":{"line":1,"column":0},"end":{"line":1,"column":45}},"1":{"start":{"line":2,"column":0},"end":{"line":2,"column":0}},"2":{"start":{"line":3,"column":0},"end":{"line":3,"column":38}},"3":{"start":{"line":4,"column":0},"end":{"line":4,"column":63}},"4":{"start":{"line":5,"column":0},"end":{"line":5,"column":71}},"5":{"start":{"line":6,"column":0},"end":{"line":6,"column":67}},"6":{"start":{"line":7,"column":0},"end":{"line":7,"column":0}},"7":{"start":{"line":8,"column":0},"end":{"line":8,"column":48}},"8":{"start":{"line":9,"column":0},"end":{"line":9,"column":32}},"9":{"start":{"line":10,"column":0},"end":{"line":10,"column":0}},"10":{"start":{"line":11,"column":0},"end":{"line":11,"column":70}},"11":{"start":{"line":12,"column":0},"end":{"line":12,"column":40}},"12":{"start":{"line":13,"column":0},"end":{"line":13,"column":0}},"13":{"start":{"line":14,"column":0},"end":{"line":14,"column":28}},"14":{"start":{"line":15,"column":0},"end":{"line":15,"column":2}},"15":{"start":{"line":16,"column":0},"end":{"line":16,"column":41}},"16":{"start":{"line":17,"column":0},"end":{"line":17,"column":30}},"17":{"start":{"line":18,"column":0},"end":{"line":18,"column":26}},"18":{"start":{"line":19,"column":0},"end":{"line":19,"column":0}},"19":{"start":{"line":20,"column":0},"end":{"line":20,"column":52}},"20":{"start":{"line":21,"column":0},"end":{"line":21,"column":62}},"21":{"start":{"line":22,"column":0},"end":{"line":22,"column":0}},"22":{"start":{"line":23,"column":0},"end":{"line":23,"column":42}},"23":{"start":{"line":24,"column":0},"end":{"line":24,"column":3}},"24":{"start":{"line":25,"column":0},"end":{"line":25,"column":0}},"25":{"start":{"line":26,"column":0},"end":{"line":26,"column":13}},"26":{"start":{"line":27,"column":0},"end":{"line":27,"column":1}}},"s":{"0":1,"1":7,"2":7,"3":7,"4":7,"5":7,"6":4,"7":4,"8":7,"9":3,"10":3,"11":7,"12":2,"13":2,"14":2,"15":7,"16":5,"17":5,"18":5,"19":5,"20":5,"21":4,"22":4,"23":4,"24":1,"25":1,"26":1},"branchMap":{"0":{"type":"branch","line":1,"loc":{"start":{"line":1,"column":30},"end":{"line":27,"column":1}},"locations":[{"start":{"line":1,"column":30},"end":{"line":27,"column":1}}]},"1":{"type":"branch","line":5,"loc":{"start":{"line":5,"column":31},"end":{"line":5,"column":71}},"locations":[{"start":{"line":5,"column":31},"end":{"line":5,"column":71}}]},"2":{"type":"branch","line":6,"loc":{"start":{"line":6,"column":-1},"end":{"line":6,"column":29}},"locations":[{"start":{"line":6,"column":-1},"end":{"line":6,"column":29}}]},"3":{"type":"branch","line":6,"loc":{"start":{"line":6,"column":29},"end":{"line":6,"column":67}},"locations":[{"start":{"line":6,"column":29},"end":{"line":6,"column":67}}]},"4":{"type":"branch","line":7,"loc":{"start":{"line":7,"column":-1},"end":{"line":9,"column":20}},"locations":[{"start":{"line":7,"column":-1},"end":{"line":9,"column":20}}]},"5":{"type":"branch","line":9,"loc":{"start":{"line":9,"column":20},"end":{"line":9,"column":32}},"locations":[{"start":{"line":9,"column":20},"end":{"line":9,"column":32}}]},"6":{"type":"branch","line":10,"loc":{"start":{"line":10,"column":-1},"end":{"line":12,"column":28}},"locations":[{"start":{"line":10,"column":-1},"end":{"line":12,"column":28}}]},"7":{"type":"branch","line":12,"loc":{"start":{"line":12,"column":28},"end":{"line":12,"column":40}},"locations":[{"start":{"line":12,"column":28},"end":{"line":12,"column":40}}]},"8":{"type":"branch","line":13,"loc":{"start":{"line":13,"column":-1},"end":{"line":16,"column":40}},"locations":[{"start":{"line":13,"column":-1},"end":{"line":16,"column":40}}]},"9":{"type":"branch","line":16,"loc":{"start":{"line":16,"column":40},"end":{"line":24,"column":3}},"locations":[{"start":{"line":16,"column":40},"end":{"line":24,"column":3}}]},"10":{"type":"branch","line":21,"loc":{"start":{"line":21,"column":20},"end":{"line":21,"column":48}},"locations":[{"start":{"line":21,"column":20},"end":{"line":21,"column":48}}]},"11":{"type":"branch","line":21,"loc":{"start":{"line":21,"column":50},"end":{"line":21,"column":62}},"locations":[{"start":{"line":21,"column":50},"end":{"line":21,"column":62}}]},"12":{"type":"branch","line":22,"loc":{"start":{"line":22,"column":-1},"end":{"line":24,"column":3}},"locations":[{"start":{"line":22,"column":-1},"end":{"line":24,"column":3}}]},"13":{"type":"branch","line":25,"loc":{"start":{"line":25,"column":-1},"end":{"line":27,"column":1}},"locations":[{"start":{"line":25,"column":-1},"end":{"line":27,"column":1}}]}},"b":{"0":[7],"1":[2],"2":[5],"3":[1],"4":[4],"5":[1],"6":[3],"7":[1],"8":[2],"9":[5],"10":[1],"11":[1],"12":[4],"13":[1]},"fnMap":{"0":{"name":"canReconfigure","decl":{"start":{"line":1,"column":30},"end":{"line":27,"column":1}},"loc":{"start":{"line":1,"column":30},"end":{"line":27,"column":1}},"line":1}},"f":{"0":7}}
,"C:\\Dev\\Cursos\\TDD\\midu-aprende-tdd\\src\\fizzbuzz.js": {"path":"C:\\Dev\\Cursos\\TDD\\midu-aprende-tdd\\src\\fizzbuzz.js","all":false,"statementMap":{"0":{"start":{"line":1,"column":0},"end":{"line":1,"column":2}},"1":{"start":{"line":2,"column":0},"end":{"line":2,"column":40}},"2":{"start":{"line":3,"column":0},"end":{"line":3,"column":38}},"3":{"start":{"line":4,"column":0},"end":{"line":4,"column":38}},"4":{"start":{"line":5,"column":0},"end":{"line":5,"column":46}},"5":{"start":{"line":6,"column":0},"end":{"line":6,"column":54}},"6":{"start":{"line":7,"column":0},"end":{"line":7,"column":2}},"7":{"start":{"line":8,"column":0},"end":{"line":8,"column":0}},"8":{"start":{"line":9,"column":0},"end":{"line":9,"column":37}},"9":{"start":{"line":10,"column":0},"end":{"line":10,"column":0}},"10":{"start":{"line":11,"column":0},"end":{"line":11,"column":79}},"11":{"start":{"line":12,"column":0},"end":{"line":12,"column":73}},"12":{"start":{"line":13,"column":0},"end":{"line":13,"column":0}},"13":{"start":{"line":14,"column":0},"end":{"line":14,"column":56}},"14":{"start":{"line":15,"column":0},"end":{"line":15,"column":45}},"15":{"start":{"line":16,"column":0},"end":{"line":16,"column":40}},"16":{"start":{"line":17,"column":0},"end":{"line":17,"column":40}},"17":{"start":{"line":18,"column":0},"end":{"line":18,"column":0}},"18":{"start":{"line":19,"column":0},"end":{"line":19,"column":21}},"19":{"start":{"line":20,"column":0},"end":{"line":20,"column":14}},"20":{"start":{"line":21,"column":0},"end":{"line":21,"column":14}},"21":{"start":{"line":22,"column":0},"end":{"line":22,"column":13}},"22":{"start":{"line":23,"column":0},"end":{"line":23,"column":3}},"23":{"start":{"line":24,"column":0},"end":{"line":24,"column":0}},"24":{"start":{"line":25,"column":0},"end":{"line":25,"column":17}},"25":{"start":{"line":26,"column":0},"end":{"line":26,"column":0}},"26":{"start":{"line":27,"column":0},"end":{"line":27,"column":8}},"27":{"start":{"line":28,"column":0},"end":{"line":28,"column":23}},"28":{"start":{"line":29,"column":0},"end":{"line":29,"column":36}},"29":{"start":{"line":30,"column":0},"end":{"line":30,"column":48}},"30":{"start":{"line":31,"column":0},"end":{"line":31,"column":6}},"31":{"start":{"line":32,"column":0},"end":{"line":32,"column":2}},"32":{"start":{"line":33,"column":0},"end":{"line":33,"column":26}},"33":{"start":{"line":34,"column":0},"end":{"line":34,"column":0}},"34":{"start":{"line":35,"column":0},"end":{"line":35,"column":1}}},"s":{"0":1,"1":1,"2":1,"3":1,"4":1,"5":1,"6":1,"7":1,"8":1,"9":17,"10":17,"11":17,"12":14,"13":14,"14":14,"15":14,"16":14,"17":14,"18":14,"19":14,"20":14,"21":14,"22":14,"23":14,"24":14,"25":14,"26":14,"27":14,"28":14,"29":42,"30":14,"31":14,"32":17,"33":17,"34":17},"branchMap":{"0":{"type":"branch","line":9,"loc":{"start":{"line":9,"column":24},"end":{"line":35,"column":1}},"locations":[{"start":{"line":9,"column":24},"end":{"line":35,"column":1}}]},"1":{"type":"branch","line":11,"loc":{"start":{"line":11,"column":33},"end":{"line":11,"column":79}},"locations":[{"start":{"line":11,"column":33},"end":{"line":11,"column":79}}]},"2":{"type":"branch","line":12,"loc":{"start":{"line":12,"column":-1},"end":{"line":12,"column":27}},"locations":[{"start":{"line":12,"column":-1},"end":{"line":12,"column":27}}]},"3":{"type":"branch","line":12,"loc":{"start":{"line":12,"column":27},"end":{"line":12,"column":73}},"locations":[{"start":{"line":12,"column":27},"end":{"line":12,"column":73}}]},"4":{"type":"branch","line":13,"loc":{"start":{"line":13,"column":-1},"end":{"line":33,"column":16}},"locations":[{"start":{"line":13,"column":-1},"end":{"line":33,"column":16}}]},"5":{"type":"branch","line":33,"loc":{"start":{"line":33,"column":16},"end":{"line":33,"column":25}},"locations":[{"start":{"line":33,"column":16},"end":{"line":33,"column":25}}]},"6":{"type":"branch","line":29,"loc":{"start":{"line":29,"column":13},"end":{"line":31,"column":5}},"locations":[{"start":{"line":29,"column":13},"end":{"line":31,"column":5}}]},"7":{"type":"branch","line":30,"loc":{"start":{"line":30,"column":34},"end":{"line":30,"column":48}},"locations":[{"start":{"line":30,"column":34},"end":{"line":30,"column":48}}]}},"b":{"0":[17],"1":[2],"2":[15],"3":[1],"4":[14],"5":[2],"6":[42],"7":[16]},"fnMap":{"0":{"name":"fizzBuzz","decl":{"start":{"line":9,"column":24},"end":{"line":35,"column":1}},"loc":{"start":{"line":9,"column":24},"end":{"line":35,"column":1}},"line":9}},"f":{"0":17}}
}
